<?xml version="1.0" encoding="UTF-8"?>
<!-- Generated by org.testng.reporters.JUnitXMLReporter -->
<testsuite ignored="3" hostname="DESKTOP-Q6TC0UT" failures="0" tests="1" name="ChromeTest" time="8.808" errors="0" timestamp="2024-05-24T15:13:35 IST">
  <testcase classname="testscript.LoginTest" name="verifyUserIsAbleToLoginWithInvalidUserNameValidPassword" time="2.758"/>
  <testcase classname="testscript.LoginTest" name="verifyTheUserIsAbleToLoginWithValidCredentials" time="0.0">
    <ignored/>
  </testcase> <!-- verifyTheUserIsAbleToLoginWithValidCredentials -->
  <testcase classname="testscript.LoginTest" name="verifyUserIsAbleToLoginWithValidUserNameInvalidPassword" time="0.0">
    <ignored/>
  </testcase> <!-- verifyUserIsAbleToLoginWithValidUserNameInvalidPassword -->
  <testcase classname="testscript.LoginTest" name="verifyUserIsAbleToLoginWithWithInvalidCredentials" time="0.0">
    <ignored/>
  </testcase> <!-- verifyUserIsAbleToLoginWithWithInvalidCredentials -->
</testsuite> <!-- ChromeTest -->
