<?xml version="1.0" encoding="UTF-8"?>
<!-- Generated by org.testng.reporters.JUnitXMLReporter -->
<testsuite ignored="0" hostname="DESKTOP-Q6TC0UT" failures="0" tests="4" name="Test" time="16.918" errors="0" timestamp="2024-05-24T15:22:52 IST">
  <testcase classname="testscript.ManagePageTest" name="listPageDeletebButtonClick" time="0.442">
    <skipped/>
  </testcase> <!-- listPageDeletebButtonClick -->
  <testcase classname="testscript.ManageNewsTest" name="addNewTextInmanageNews" time="0.522">
    <skipped/>
  </testcase> <!-- addNewTextInmanageNews -->
  <testcase classname="testscript.ManagePageTest" name="listPageDeletebButtonClick" time="3.593"/>
  <testcase classname="testscript.ManageNewsTest" name="addNewTextInmanageNews" time="5.458"/>
</testsuite> <!-- Test -->
