<?xml version="1.0" encoding="UTF-8"?>
<testng-results ignored="0" total="1" passed="1" failed="0" skipped="0">
  <reporter-output>
  </reporter-output>
  <suite started-at="2024-06-03T15:17:23 IST" name="Suite" finished-at="2024-06-03T15:17:29 IST" duration-ms="5940">
    <groups>
      <group name="reggression">
        <method signature="ManagePageTest.listPageDeletebButtonClick()[pri:0, instance:testscript.ManagePageTest@5276d6ee]" name="listPageDeletebButtonClick" class="testscript.ManagePageTest"/>
      </group> <!-- reggression -->
    </groups>
    <test started-at="2024-06-03T15:17:23 IST" name="Test" finished-at="2024-06-03T15:17:29 IST" duration-ms="5940">
      <class name="testscript.ManagePageTest">
        <test-method is-config="true" signature="initializeBrowser(java.lang.String)[pri:0, instance:testscript.ManagePageTest@5276d6ee]" started-at="2024-06-03T15:17:23 IST" name="initializeBrowser" finished-at="2024-06-03T15:17:27 IST" duration-ms="4098" status="PASS">
          <params>
            <param index="0">
              <value>
                <![CDATA[Chrome]]>
              </value>
            </param>
          </params>
          <reporter-output>
          </reporter-output>
        </test-method> <!-- initializeBrowser -->
        <test-method signature="listPageDeletebButtonClick()[pri:0, instance:testscript.ManagePageTest@5276d6ee]" started-at="2024-06-03T15:17:27 IST" name="listPageDeletebButtonClick" finished-at="2024-06-03T15:17:29 IST" duration-ms="1795" status="PASS">
          <reporter-output>
          </reporter-output>
        </test-method> <!-- listPageDeletebButtonClick -->
      </class> <!-- testscript.ManagePageTest -->
    </test> <!-- Test -->
  </suite> <!-- Suite -->
</testng-results>
