<?xml version="1.0" encoding="UTF-8"?>
<!-- Generated by org.testng.reporters.JUnitXMLReporter -->
<testsuite ignored="0" hostname="DESKTOP-Q6TC0UT" failures="1" tests="3" name="Test" time="1.629" errors="0" timestamp="2024-05-24T15:41:16 IST">
  <testcase classname="testscript.ManagePageTest" name="listPageDeletebButtonClick" time="1.179">
    <skipped/>
  </testcase> <!-- listPageDeletebButtonClick -->
  <testcase classname="testscript.ManagePageTest" name="listPageDeletebButtonClick" time="0.174">
    <skipped/>
  </testcase> <!-- listPageDeletebButtonClick -->
  <testcase classname="testscript.ManagePageTest" name="listPageDeletebButtonClick" time="0.171">
    <failure type="java.lang.NullPointerException" message="Cannot invoke &amp;quot;org.openqa.selenium.SearchContext.findElement(org.openqa.selenium.By)&amp;quot; because &amp;quot;this.searchContext&amp;quot; is null">
      <![CDATA[java.lang.NullPointerException: Cannot invoke "org.openqa.selenium.SearchContext.findElement(org.openqa.selenium.By)" because "this.searchContext" is null
at org.openqa.selenium.support.pagefactory.DefaultElementLocator.findElement(DefaultElementLocator.java:68)
at org.openqa.selenium.support.pagefactory.internal.LocatingElementHandler.invoke(LocatingElementHandler.java:38)
at jdk.proxy2/jdk.proxy2.$Proxy14.sendKeys(Unknown Source)
at Pages.LoginPage.enterUserNameOnUserNameField(LoginPage.java:28)
at testscript.ManagePageTest.listPageDeletebButtonClick(ManagePageTest.java:23)
at java.base/java.util.ArrayList.forEach(ArrayList.java:1511)
... Removed 27 stack frames]]>
    </failure>
  </testcase> <!-- listPageDeletebButtonClick -->
</testsuite> <!-- Test -->
